c:\users\tgureyev\documents\xarray_tests\multislicecpptest\000freesourcepmt\msctkirkland_free\x64\debug\vc142.pdb
c:\users\tgureyev\documents\xarray_tests\multislicecpptest\000freesourcepmt\msctkirkland_free\x64\debug\vc142.idb
c:\users\tgureyev\documents\xarray_tests\multislicecpptest\000freesourcepmt\msctkirkland_free\x64\debug\xa_ini.obj
c:\users\tgureyev\documents\xarray_tests\multislicecpptest\000freesourcepmt\msctkirkland_free\x64\debug\xa_file.obj
c:\users\tgureyev\documents\xarray_tests\multislicecpptest\000freesourcepmt\msctkirkland_free\x64\debug\xahwave.obj
c:\users\tgureyev\documents\xarray_tests\multislicecpptest\000freesourcepmt\msctkirkland_free\x64\debug\stdafx.obj
c:\users\tgureyev\documents\xarray_tests\multislicecpptest\000freesourcepmt\msctkirkland_free\x64\debug\slicelib.obj
c:\users\tgureyev\documents\xarray_tests\multislicecpptest\000freesourcepmt\msctkirkland_free\x64\debug\multislicek.obj
c:\users\tgureyev\documents\xarray_tests\multislicecpptest\000freesourcepmt\msctkirkland_free\x64\debug\ixahwave.obj
c:\users\tgureyev\documents\xarray_tests\multislicecpptest\000freesourcepmt\msctkirkland_free\x64\debug\floattiff.obj
c:\users\tgureyev\documents\xarray_tests\multislicecpptest\000freesourcepmt\msctkirkland_free\x64\debug\cfpix.obj
c:\users\tgureyev\documents\xarray_tests\multislicecpptest\000freesourcepmt\msctkirkland_free\x64\debug\autosliccmd.obj
c:\users\tgureyev\documents\xarray_tests\multislicecpptest\000freesourcepmt\msctkirkland_free\x64\debug\autoslic.obj
c:\users\tgureyev\documents\xarray_tests\multislicecpptest\000freesourcepmt\msctkirkland_free\x64\debug\ooura_fftsg_flt.obj
c:\users\tgureyev\documents\xarray_tests\multislicecpptest\000freesourcepmt\msctkirkland_free\x64\debug\ooura_fftsg_dbl.obj
c:\users\tgureyev\documents\xarray_tests\multislicecpptest\000freesourcepmt\msctkirkland_free\x64\debug\ooura_fftsg2d_flt.obj
c:\users\tgureyev\documents\xarray_tests\multislicecpptest\000freesourcepmt\msctkirkland_free\x64\debug\ooura_fftsg2d_dbl.obj
c:\users\tgureyev\documents\xarray_tests\multislicecpptest\000freesourcepmt\msctkirkland_free\x64\debug\msctkirkland_free.ilk
c:\users\tgureyev\documents\xarray_tests\multislicecpptest\000freesourcepmt\msctkirkland_free\x64\debug\msctkirkland_free.exe
c:\users\tgureyev\documents\xarray_tests\multislicecpptest\000freesourcepmt\msctkirkland_free\x64\debug\msctkirkland_free.pdb
c:\users\tgureyev\documents\xarray_tests\000freesourcepmt\msctkirkland_free\x64\debug\autoslic.obj
c:\users\tgureyev\documents\xarray_tests\000freesourcepmt\msctkirkland_free\x64\debug\autosliccmd.obj
c:\users\tgureyev\documents\xarray_tests\000freesourcepmt\msctkirkland_free\x64\debug\cfpix.obj
c:\users\tgureyev\documents\xarray_tests\000freesourcepmt\msctkirkland_free\x64\debug\floattiff.obj
c:\users\tgureyev\documents\xarray_tests\000freesourcepmt\msctkirkland_free\x64\debug\ixahwave.obj
c:\users\tgureyev\documents\xarray_tests\000freesourcepmt\msctkirkland_free\x64\debug\multislicek.obj
c:\users\tgureyev\documents\xarray_tests\000freesourcepmt\msctkirkland_free\x64\debug\ooura_fftsg2d_dbl.obj
c:\users\tgureyev\documents\xarray_tests\000freesourcepmt\msctkirkland_free\x64\debug\ooura_fftsg2d_flt.obj
c:\users\tgureyev\documents\xarray_tests\000freesourcepmt\msctkirkland_free\x64\debug\ooura_fftsg_dbl.obj
c:\users\tgureyev\documents\xarray_tests\000freesourcepmt\msctkirkland_free\x64\debug\ooura_fftsg_flt.obj
c:\users\tgureyev\documents\xarray_tests\000freesourcepmt\msctkirkland_free\x64\debug\slicelib.obj
c:\users\tgureyev\documents\xarray_tests\000freesourcepmt\msctkirkland_free\x64\debug\stdafx.obj
c:\users\tgureyev\documents\xarray_tests\000freesourcepmt\msctkirkland_free\x64\debug\xahwave.obj
c:\users\tgureyev\documents\xarray_tests\000freesourcepmt\msctkirkland_free\x64\debug\xa_file.obj
c:\users\tgureyev\documents\xarray_tests\000freesourcepmt\msctkirkland_free\x64\debug\xa_ini.obj
c:\users\tgureyev\documents\xarray_tests\000freesourcepmt\msctkirkland_free\x64\debug\msctkirkland_free.ilk
c:\users\tgureyev\documents\xarray_tests\000freesourcepmt\msctkirkland_free\x64\debug\vc142.idb
c:\users\tgureyev\documents\xarray_tests\000freesourcepmt\msctkirkland_free\x64\debug\msctkirkland_free.pdb
c:\users\tgureyev\documents\xarray_tests\000freesourcepmt\msctkirkland_free\x64\debug\vc142.pdb
c:\users\tgureyev\documents\xarray_tests\000freesourcepmt\msctkirkland_free\x64\debug\msctkirkland_free.exe
c:\users\tgureyev\documents\xarray_tests\000freesourcepmt\msctkirkland_free\x64\debug\msctkirk.99ef50e9.tlog\cl.command.1.tlog
c:\users\tgureyev\documents\xarray_tests\000freesourcepmt\msctkirkland_free\x64\debug\msctkirk.99ef50e9.tlog\cl.read.1.tlog
c:\users\tgureyev\documents\xarray_tests\000freesourcepmt\msctkirkland_free\x64\debug\msctkirk.99ef50e9.tlog\cl.write.1.tlog
c:\users\tgureyev\documents\xarray_tests\000freesourcepmt\msctkirkland_free\x64\debug\msctkirk.99ef50e9.tlog\link.command.1.tlog
c:\users\tgureyev\documents\xarray_tests\000freesourcepmt\msctkirkland_free\x64\debug\msctkirk.99ef50e9.tlog\link.read.1.tlog
c:\users\tgureyev\documents\xarray_tests\000freesourcepmt\msctkirkland_free\x64\debug\msctkirk.99ef50e9.tlog\link.write.1.tlog
