c:\users\tgureyev\documents\xarray_tests\multislicecpptest\000freesourcepmt\msctkirkland_free\x64\release\vc142.pdb
c:\users\tgureyev\documents\xarray_tests\multislicecpptest\000freesourcepmt\msctkirkland_free\x64\release\xa_ini.obj
c:\users\tgureyev\documents\xarray_tests\multislicecpptest\000freesourcepmt\msctkirkland_free\x64\release\xa_file.obj
c:\users\tgureyev\documents\xarray_tests\multislicecpptest\000freesourcepmt\msctkirkland_free\x64\release\xahwave.obj
c:\users\tgureyev\documents\xarray_tests\multislicecpptest\000freesourcepmt\msctkirkland_free\x64\release\stdafx.obj
c:\users\tgureyev\documents\xarray_tests\multislicecpptest\000freesourcepmt\msctkirkland_free\x64\release\slicelib.obj
c:\users\tgureyev\documents\xarray_tests\multislicecpptest\000freesourcepmt\msctkirkland_free\x64\release\multislicek.obj
c:\users\tgureyev\documents\xarray_tests\multislicecpptest\000freesourcepmt\msctkirkland_free\x64\release\ixahwave.obj
c:\users\tgureyev\documents\xarray_tests\multislicecpptest\000freesourcepmt\msctkirkland_free\x64\release\floattiff.obj
c:\users\tgureyev\documents\xarray_tests\multislicecpptest\000freesourcepmt\msctkirkland_free\x64\release\cfpix.obj
c:\users\tgureyev\documents\xarray_tests\multislicecpptest\000freesourcepmt\msctkirkland_free\x64\release\autosliccmd.obj
c:\users\tgureyev\documents\xarray_tests\multislicecpptest\000freesourcepmt\msctkirkland_free\x64\release\autoslic.obj
c:\users\tgureyev\documents\xarray_tests\multislicecpptest\000freesourcepmt\msctkirkland_free\x64\release\ooura_fftsg_flt.obj
c:\users\tgureyev\documents\xarray_tests\multislicecpptest\000freesourcepmt\msctkirkland_free\x64\release\ooura_fftsg_dbl.obj
c:\users\tgureyev\documents\xarray_tests\multislicecpptest\000freesourcepmt\msctkirkland_free\x64\release\ooura_fftsg2d_flt.obj
c:\users\tgureyev\documents\xarray_tests\multislicecpptest\000freesourcepmt\msctkirkland_free\x64\release\ooura_fftsg2d_dbl.obj
c:\users\tgureyev\documents\xarray_tests\multislicecpptest\000freesourcepmt\msctkirkland_free\x64\release\msctkirkland_free.exe
c:\users\tgureyev\documents\xarray_tests\multislicecpptest\000freesourcepmt\msctkirkland_free\x64\release\msctkirkland_free.pdb
c:\users\tgureyev\documents\xarray_tests\multislicecpptest\000freesourcepmt\msctkirkland_free\x64\release\msctkirkland_free.ipdb
c:\users\tgureyev\documents\xarray_tests\multislicecpptest\000freesourcepmt\msctkirkland_free\x64\release\msctkirkland_free.iobj
c:\users\tgureyev\documents\xarray_tests\multislicecpptest\000freesourcepmt\msctkirkland_free\x64\release\msctkirk.99ef50e9.tlog\cl.command.1.tlog
c:\users\tgureyev\documents\xarray_tests\multislicecpptest\000freesourcepmt\msctkirkland_free\x64\release\msctkirk.99ef50e9.tlog\cl.read.1.tlog
c:\users\tgureyev\documents\xarray_tests\multislicecpptest\000freesourcepmt\msctkirkland_free\x64\release\msctkirk.99ef50e9.tlog\cl.write.1.tlog
c:\users\tgureyev\documents\xarray_tests\multislicecpptest\000freesourcepmt\msctkirkland_free\x64\release\msctkirk.99ef50e9.tlog\link.command.1.tlog
c:\users\tgureyev\documents\xarray_tests\multislicecpptest\000freesourcepmt\msctkirkland_free\x64\release\msctkirk.99ef50e9.tlog\link.read.1.tlog
c:\users\tgureyev\documents\xarray_tests\multislicecpptest\000freesourcepmt\msctkirkland_free\x64\release\msctkirk.99ef50e9.tlog\link.write.1.tlog
c:\users\tgureyev\documents\xarray_tests\multislicecpptest\000freesourcepmt\msctkirkland_free\x64\release\msctkirk.99ef50e9.tlog\msctkirkland_free.write.1u.tlog
